<?xml version="1.0" encoding="UTF-8"?>
<testsuite xmlns:xsi="http://www.w3.org/2001/XMLSchema-instance" xsi:noNamespaceSchemaLocation="https://maven.apache.org/surefire/maven-surefire-plugin/xsd/surefire-test-report-3.0.xsd" version="3.0" name="com.healthtrack.UsuarioTest" time="0.095" tests="2" errors="0" skipped="0" failures="0">
  <properties>
[...]
</properties>
  <testcase name="testSimulacionActualizacionPeso" classname="com.healthtrack.UsuarioTest" time="0.051">
    <system-out><![CDATA[[✅] Prueba unitaria: testSimulacionActualizacionPeso pasó correctamente con valor 62.5
]]></system-out>
  </testcase>
  <testcase name="testActualizarPeso" classname="com.healthtrack.UsuarioTest" time="0.004">
    <system-out><![CDATA[[✅] Prueba unitaria: testActualizarPeso pasó correctamente con valor 75.0
]]></system-out>
  </testcase>
</testsuite>